2020-10-26 09:55:33,040-access-ERROR-Account [22] does not exist!
2020-10-26 09:56:42,046-access-INFO-Account [zcl] logging success
2020-10-28 01:38:38,771-access-INFO-Account [zcl] logging success
2020-10-28 01:42:59,538-access-INFO-Account [zcl] logging success
2020-10-28 01:45:37,733-access-ERROR-Account [xxx] does not exist!
2020-10-28 01:45:52,534-access-ERROR-Account [xxx] does not exist!
2020-10-28 01:45:58,379-access-INFO-Account [zcl] logging success
2020-10-28 01:46:11,791-access-ERROR-Account or Passworddoes not correct!
2020-10-28 01:52:49,711-access-INFO-Account [zcl] logging success
2020-10-28 02:11:42,669-access-INFO-Account [22] logging success
2020-10-28 02:12:04,224-access-ERROR-Account [22] does not exist!
2020-10-28 02:17:21,726-access-INFO-Account [zcl] logging success
2020-10-28 02:17:39,008-access-INFO-Account [22] logging success
2020-10-28 02:18:52,827-access-INFO-Account [22] logging success
2022-02-16 11:29:51,727-access-ERROR-Account [22] had expired,Please contract the bank
2022-02-16 11:31:12,769-access-ERROR-Account [22] had expired,Please contract the bank
2022-02-16 11:40:03,273-access-INFO-Account [22] logging success
2022-04-18 09:50:25,752-access-INFO-Account [22] logging success
2022-04-18 11:35:59,316-access-INFO-Account [22] logging success
2024-04-18 22:53:14,757-access-ERROR-Account[22] does not exist!
2024-04-18 22:53:23,038-access-ERROR-Account[] does not exist!
2024-04-18 22:53:43,162-access-ERROR-Account[abc] does not exist!
2024-04-18 22:53:43,162-access-ERROR-用户 [abc] 尝试登录次数过多
2024-04-18 22:55:10,736-access-ERROR-Account[22] does not exist!
2024-04-18 22:58:21,926-access-ERROR-Account[22] does not exist!
2024-04-18 22:59:21,931-access-INFO-Account[22] does not exist!
2024-04-18 23:03:18,115-access-INFO-Account[22] does not exist!
2024-04-18 23:04:14,585-access-INFO-Account[22] does not exist!
2024-04-18 23:04:52,543-access-INFO-Account[22] does not exist!
2024-04-18 23:05:27,136-access-INFO-Account[22] does not exist!
2024-04-18 23:06:21,054-access-INFO-Account[22] does not exist!
2024-04-18 23:07:41,777-access-INFO-Account[22] does not exist!
2024-04-18 23:08:02,210-access-INFO-Account[22] does not exist!
2024-04-18 23:11:01,322-access-INFO-Account[22] does not exist!
2024-04-18 23:12:14,610-access-INFO-Account[22] does not exist!
2024-04-18 23:13:32,930-access-INFO-Account[22] does not exist!
2024-04-18 23:14:04,038-access-INFO-Account[22] does not exist!
2024-04-18 23:15:23,402-access-INFO-Account[22] does not exist!
2024-04-18 23:16:01,826-access-INFO-Account[22] does not exist!
2024-04-18 23:17:29,093-access-INFO-Account[22] does not exist!
2024-04-18 23:17:59,287-access-INFO-Account[22] does not exist!
2024-04-18 23:19:25,569-access-INFO-Account[22] does not exist!
2024-04-18 23:20:56,724-access-INFO-Account[22] does not exist!
